<?xml version="1.0" encoding="UTF-8"?>
<testsuite name="agh.ii.prinjava.proj2.PlayWithMoviesTest" tests="10" skipped="0" failures="0" errors="0" timestamp="2021-11-19T08:22:47" hostname="DESKTOP-IEGFBG7" time="0.698">
  <properties/>
  <testcase name="testEx01()" classname="agh.ii.prinjava.proj2.PlayWithMoviesTest" time="0.243"/>
  <testcase name="testEx02()" classname="agh.ii.prinjava.proj2.PlayWithMoviesTest" time="0.031"/>
  <testcase name="testEx03()" classname="agh.ii.prinjava.proj2.PlayWithMoviesTest" time="0.058"/>
  <testcase name="testEx04()" classname="agh.ii.prinjava.proj2.PlayWithMoviesTest" time="0.017"/>
  <testcase name="testEx05()" classname="agh.ii.prinjava.proj2.PlayWithMoviesTest" time="0.068"/>
  <testcase name="testEx06()" classname="agh.ii.prinjava.proj2.PlayWithMoviesTest" time="0.015"/>
  <testcase name="testEx07()" classname="agh.ii.prinjava.proj2.PlayWithMoviesTest" time="0.014"/>
  <testcase name="testEx08()" classname="agh.ii.prinjava.proj2.PlayWithMoviesTest" time="0.065"/>
  <testcase name="testEx09()" classname="agh.ii.prinjava.proj2.PlayWithMoviesTest" time="0.032"/>
  <testcase name="testEx10()" classname="agh.ii.prinjava.proj2.PlayWithMoviesTest" time="0.137"/>
  <system-out><![CDATA[]]></system-out>
  <system-err><![CDATA[]]></system-err>
</testsuite>
