<?xml version="1.0" encoding="UTF-8"?>
<testsuite name="agh.ii.prinjava.lab01.lst01_03.RectangleTest" tests="2" skipped="0" failures="0" errors="0" timestamp="2021-10-01T08:10:21" hostname="DESKTOP-IEGFBG7" time="0.037">
  <properties/>
  <testcase name="area()" classname="agh.ii.prinjava.lab01.lst01_03.RectangleTest" time="0.034"/>
  <testcase name="perimeter()" classname="agh.ii.prinjava.lab01.lst01_03.RectangleTest" time="0.002"/>
  <system-out><![CDATA[]]></system-out>
  <system-err><![CDATA[]]></system-err>
</testsuite>
