<?xml version="1.0" encoding="UTF-8"?>
<testsuite name="agh.ii.prinjava.lab00.lst00_01.CalcTest" tests="1" skipped="0" failures="0" errors="0" timestamp="2021-09-16T19:12:22" hostname="DESKTOP-IEGFBG7" time="0.037">
  <properties/>
  <testcase name="onePlusTwoIsThree()" classname="agh.ii.prinjava.lab00.lst00_01.CalcTest" time="0.037"/>
  <system-out><![CDATA[CalcTest.setUp...
CalcTest.tearDown
]]></system-out>
  <system-err><![CDATA[]]></system-err>
</testsuite>
