<?xml version="1.0" encoding="UTF-8"?>
<testsuite name="agh.ii.prinjava.proj1.impl.MyQueueDLLBImplTest" tests="3" skipped="0" failures="0" errors="0" timestamp="2021-10-21T16:45:54" hostname="DESKTOP-IEGFBG7" time="0.011">
  <properties/>
  <testcase name="enqueue()" classname="agh.ii.prinjava.proj1.impl.MyQueueDLLBImplTest" time="0.005"/>
  <testcase name="peek()" classname="agh.ii.prinjava.proj1.impl.MyQueueDLLBImplTest" time="0.002"/>
  <testcase name="dequeue()" classname="agh.ii.prinjava.proj1.impl.MyQueueDLLBImplTest" time="0.002"/>
  <system-out><![CDATA[]]></system-out>
  <system-err><![CDATA[]]></system-err>
</testsuite>
